[INFO]      06-15-21 22:22:41 	(testing)	"Error Message"
[TRACE]     06-15-21 22:22:41 	(testing)	"Error Message"
[DEBUG]     06-15-21 22:22:41 	(testing)	"Error Message"
[TRACE]     06-15-21 22:22:41 	(testing)	"Error Message"
[ERROR]     06-15-21 22:22:41 	(testing)	"Error Message"
[WARNING]   06-15-21 22:22:41 	(testing)	"Error Message"
[ERROR]     06-15-21 22:22:41 	(testing)	"Error Message"
[CRITICAL]  06-15-21 22:22:41 	(testing)	"Error Message"
[TRACE]     06-15-21 22:22:41 	(testing)	"Error Message"
[WARNING]   06-15-21 22:22:41 	(testing)	"Error Message"
[TRACE]     06-15-21 22:22:41 	(testing)	"Error Message"
[CRITICAL]  06-15-21 22:22:41 	(testing)	"Error Message"
[WARNING]   06-15-21 22:22:41 	(testing)	"Error Message"
[DEBUG]     06-15-21 22:22:41 	(testing)	"Error Message"
[CRITICAL]  06-15-21 22:22:41 	(testing)	"Error Message"
[DEBUG]     06-15-21 22:22:41 	(testing)	"Error Message"
[WARNING]   06-15-21 22:22:41 	(testing)	"Error Message"
[CRITICAL]  06-15-21 22:22:41 	(testing)	"Error Message"
[INFO]      06-15-21 22:22:41 	(testing)	"Error Message"
[TRACE]     06-15-21 22:22:41 	(testing)	"Error Message"
[DEBUG]     06-15-21 22:22:41 	(testing)	"Error Message"
[TRACE]     06-15-21 22:22:41 	(testing)	"Error Message"
[TRACE]     06-15-21 22:22:41 	(testing)	"Error Message"
[ERROR]     06-15-21 22:22:41 	(testing)	"Error Message"
[DEBUG]     06-15-21 22:22:41 	(testing)	"Error Message"
[TRACE]     06-15-21 22:22:41 	(testing)	"Error Message"
[TRACE]     06-15-21 22:22:41 	(testing)	"Error Message"
[ERROR]     06-15-21 22:22:41 	(testing)	"Error Message"
[ERROR]     06-15-21 22:22:41 	(testing)	"Error Message"
[WARNING]   06-15-21 22:22:41 	(testing)	"Error Message"
[WARNING]   06-15-21 22:22:41 	(testing)	"Error Message"
[TRACE]     06-15-21 22:22:41 	(testing)	"Error Message"
[ERROR]     06-15-21 22:22:41 	(testing)	"Error Message"
[ERROR]     06-15-21 22:22:41 	(testing)	"Error Message"
[WARNING]   06-15-21 22:22:41 	(testing)	"Error Message"
[INFO]      06-15-21 22:22:41 	(testing)	"Error Message"
[TRACE]     06-15-21 22:22:41 	(testing)	"Error Message"
[ERROR]     06-15-21 22:22:41 	(testing)	"Error Message"
[INFO]      06-15-21 22:22:41 	(testing)	"Error Message"
[DEBUG]     06-15-21 22:22:41 	(testing)	"Error Message"
[DEBUG]     06-15-21 22:22:41 	(testing)	"Error Message"
[INFO]      06-15-21 22:22:41 	(testing)	"Error Message"
[CRITICAL]  06-15-21 22:22:41 	(testing)	"Error Message"
[TRACE]     06-15-21 22:22:41 	(testing)	"Error Message"
[DEBUG]     06-15-21 22:22:41 	(testing)	"Error Message"
[DEBUG]     06-15-21 22:22:41 	(testing)	"Error Message"
[ERROR]     06-15-21 22:22:41 	(testing)	"Error Message"
[ERROR]     06-15-21 22:22:41 	(testing)	"Error Message"
[CRITICAL]  06-15-21 22:22:41 	(testing)	"Error Message"
[ERROR]     06-15-21 22:22:41 	(testing)	"Error Message"
[CRITICAL]  06-15-21 22:22:41 	(testing)	"Error Message"
[TRACE]     06-15-21 22:22:41 	(testing)	"Error Message"
[DEBUG]     06-15-21 22:22:41 	(testing)	"Error Message"
[INFO]      06-15-21 22:22:41 	(testing)	"Error Message"
[TRACE]     06-15-21 22:22:41 	(testing)	"Error Message"
[WARNING]   06-15-21 22:22:41 	(testing)	"Error Message"
[INFO]      06-15-21 22:22:41 	(testing)	"Error Message"
[INFO]      06-15-21 22:22:41 	(testing)	"Error Message"
[TRACE]     06-15-21 22:22:41 	(testing)	"Error Message"
[TRACE]     06-15-21 22:22:41 	(testing)	"Error Message"
[TRACE]     06-15-21 22:22:41 	(testing)	"Error Message"
[ERROR]     06-15-21 22:22:41 	(testing)	"Error Message"
[INFO]      06-15-21 22:22:41 	(testing)	"Error Message"
[DEBUG]     06-15-21 22:22:41 	(testing)	"Error Message"
[CRITICAL]  06-15-21 22:22:41 	(testing)	"Error Message"
[WARNING]   06-15-21 22:22:41 	(testing)	"Error Message"
[TRACE]     06-15-21 22:22:41 	(testing)	"Error Message"
[WARNING]   06-15-21 22:22:41 	(testing)	"Error Message"
[INFO]      06-15-21 22:22:41 	(testing)	"Error Message"
[WARNING]   06-15-21 22:22:41 	(testing)	"Error Message"
[DEBUG]     06-15-21 22:22:41 	(testing)	"Error Message"
[CRITICAL]  06-15-21 22:22:41 	(testing)	"Error Message"
[CRITICAL]  06-15-21 22:22:41 	(testing)	"Error Message"
[ERROR]     06-15-21 22:22:41 	(testing)	"Error Message"
[INFO]      06-15-21 22:22:41 	(testing)	"Error Message"
[CRITICAL]  06-15-21 22:22:41 	(testing)	"Error Message"
[DEBUG]     06-15-21 22:22:41 	(testing)	"Error Message"
[INFO]      06-15-21 22:22:41 	(testing)	"Error Message"
[WARNING]   06-15-21 22:22:41 	(testing)	"Error Message"
[TRACE]     06-15-21 22:22:41 	(testing)	"Error Message"
[TRACE]     06-15-21 22:22:41 	(testing)	"Error Message"
[DEBUG]     06-15-21 22:22:41 	(testing)	"Error Message"
[ERROR]     06-15-21 22:22:41 	(testing)	"Error Message"
[CRITICAL]  06-15-21 22:22:41 	(testing)	"Error Message"
[TRACE]     06-15-21 22:22:41 	(testing)	"Error Message"
[DEBUG]     06-15-21 22:22:41 	(testing)	"Error Message"
[WARNING]   06-15-21 22:22:41 	(testing)	"Error Message"
[WARNING]   06-15-21 22:22:41 	(testing)	"Error Message"
[DEBUG]     06-15-21 22:22:41 	(testing)	"Error Message"
[DEBUG]     06-15-21 22:22:41 	(testing)	"Error Message"
[INFO]      06-15-21 22:22:41 	(testing)	"Error Message"
[INFO]      06-15-21 22:22:41 	(testing)	"Error Message"
[CRITICAL]  06-15-21 22:22:41 	(testing)	"Error Message"
[DEBUG]     06-15-21 22:22:41 	(testing)	"Error Message"
[TRACE]     06-15-21 22:22:41 	(testing)	"Error Message"
[WARNING]   06-15-21 22:22:41 	(testing)	"Error Message"
[ERROR]     06-15-21 22:22:41 	(testing)	"Error Message"
[CRITICAL]  06-15-21 22:22:41 	(testing)	"Error Message"
[ERROR]     06-15-21 22:22:41 	(testing)	"Error Message"
[INFO]      06-15-21 22:22:41 	(testing)	"Error Message"
[CRITICAL]  06-15-21 22:22:41 	(testing)	"Error Message"
[INFO]      06-15-21 22:22:41 	(testing)	"Error Message"
[WARNING]   06-15-21 22:22:41 	(testing)	"Error Message"
[TRACE]     06-15-21 22:22:41 	(testing)	"Error Message"
[DEBUG]     06-15-21 22:22:41 	(testing)	"Error Message"
[INFO]      06-15-21 22:22:41 	(testing)	"Error Message"
[INFO]      06-15-21 22:22:41 	(testing)	"Error Message"
[CRITICAL]  06-15-21 22:22:41 	(testing)	"Error Message"
[WARNING]   06-15-21 22:22:41 	(testing)	"Error Message"
[TRACE]     06-15-21 22:22:41 	(testing)	"Error Message"
[WARNING]   06-15-21 22:22:41 	(testing)	"Error Message"
[INFO]      06-15-21 22:22:41 	(testing)	"Error Message"
[DEBUG]     06-15-21 22:22:41 	(testing)	"Error Message"
[DEBUG]     06-15-21 22:22:41 	(testing)	"Error Message"
[ERROR]     06-15-21 22:22:41 	(testing)	"Error Message"
[ERROR]     06-15-21 22:22:41 	(testing)	"Error Message"
[INFO]      06-15-21 22:22:41 	(testing)	"Error Message"
[CRITICAL]  06-15-21 22:22:41 	(testing)	"Error Message"
[CRITICAL]  06-15-21 22:22:41 	(testing)	"Error Message"
[DEBUG]     06-15-21 22:22:41 	(testing)	"Error Message"
[INFO]      06-15-21 22:22:41 	(testing)	"Error Message"
[WARNING]   06-15-21 22:22:41 	(testing)	"Error Message"
[INFO]      06-15-21 22:22:41 	(testing)	"Error Message"
[TRACE]     06-15-21 22:22:41 	(testing)	"Error Message"
[ERROR]     06-15-21 22:22:41 	(testing)	"Error Message"
[TRACE]     06-15-21 22:22:41 	(testing)	"Error Message"
[WARNING]   06-15-21 22:22:41 	(testing)	"Error Message"
[ERROR]     06-15-21 22:22:41 	(testing)	"Error Message"
[TRACE]     06-15-21 22:54:56:816	(testing)		Beginning Testing of Logger Module ... 
[DEBUG]     06-15-21 22:54:56:816	(testing)		Phase 1 - Debug Mode 
[INFO]      06-15-21 22:54:56:816	(testing)		Phase 2 - Info Mode 
[TRACE]     06-15-21 22:55:10:938	(testing)		Beginning Testing of Logger Module ... 
[DEBUG]     06-15-21 22:55:10:938	(testing)		Phase 1 - Debug Mode 
[INFO]      06-15-21 22:55:10:938	(testing)		Phase 2 - Info Mode 
[WARNING]   06-15-21 22:55:10:938	(testing)		Phase 3 - Operation Failure 
[ERROR]     06-15-21 22:55:10:939	(testing)		Phase 4 - Process Failure 
[CRITICAL]  06-15-21 22:55:10:939	(testing)		Phase 5 - Critical Failure 
[TRACE]     06-15-21 22:55:45:832	(testing)		Beginning Testing of Logger Module ... 
[DEBUG]     06-15-21 22:55:45:832	(testing)		Phase 1 - Debug Mode 
[INFO]      06-15-21 22:55:45:832	(testing)		Phase 2 - Info Mode 
[WARNING]   06-15-21 22:55:45:832	(testing)		Phase 3 - Operation Failure 
[ERROR]     06-15-21 22:55:45:832	(testing)		Phase 4 - Process Failure 
[CRITICAL]  06-15-21 22:55:45:832	(testing)		Phase 5 - Critical Failure 
[TRACE]     06-15-21 22:56:06:627	(testing)		Beginning Testing of Logger Module ... 
[DEBUG]     06-15-21 22:56:06:628	(testing)		Phase 1 - Debug Mode 
[INFO]      06-15-21 22:56:06:628	(testing)		Phase 2 - Info Mode 
[WARNING]   06-15-21 22:56:06:628	(testing)		Phase 3 - Operation Failure 
[ERROR]     06-15-21 22:56:06:628	(testing)		Phase 4 - Process Failure 
[CRITICAL]  06-15-21 22:56:06:628	(testing)		Phase 5 - Critical Failure 
[TRACE]     06-15-21 22:56:07:150	(testing)		Testing Complete 
[TRACE]     06-15-21 22:59:42:317	(testing)		Beginning Testing of Logger Module ... 
[DEBUG]     06-15-21 22:59:42:317	(testing)		Phase 1 - Debug Mode 
[INFO]      06-15-21 22:59:42:317	(testing)		Phase 2 - Info Mode 
[WARNING]   06-15-21 22:59:42:317	(testing)		Phase 3 - Operation Failure 
[ERROR]     06-15-21 22:59:42:317	(testing)		Phase 4 - Process Failure 
[CRITICAL]  06-15-21 22:59:42:317	(testing)		Phase 5 - Critical Failure 
[TRACE]     06-15-21 22:59:42:770	(testing)		Testing Complete 
